[error] Failed to fetch Firebase Project from Studio Workspace because WORKSPACE_SLUG environment variable is empty
[error] Failed to fetch Firebase Project from Studio Workspace because WORKSPACE_SLUG environment variable is empty
[debug] [2025-09-29T05:57:12.133Z] Checked if tokens are valid: false, expires at: 1759124749280
[debug] [2025-09-29T05:57:12.134Z] Checked if tokens are valid: false, expires at: 1759124749280
[debug] [2025-09-29T05:57:12.134Z] > refreshing access token with scopes: []
[debug] [2025-09-29T05:57:12.137Z] >>> [apiv2][query] POST https://www.googleapis.com/oauth2/v3/token [none]
[debug] [2025-09-29T05:57:12.138Z] >>> [apiv2][body] POST https://www.googleapis.com/oauth2/v3/token [omitted]
[debug] [2025-09-29T05:57:12.168Z] Checked if tokens are valid: false, expires at: 1759124749280
[debug] [2025-09-29T05:57:12.169Z] Checked if tokens are valid: false, expires at: 1759124749280
[debug] [2025-09-29T05:57:12.169Z] > refreshing access token with scopes: []
[debug] [2025-09-29T05:57:12.169Z] >>> [apiv2][query] POST https://www.googleapis.com/oauth2/v3/token [none]
[debug] [2025-09-29T05:57:12.170Z] >>> [apiv2][body] POST https://www.googleapis.com/oauth2/v3/token [omitted]
[debug] [2025-09-29T05:57:12.173Z] Checked if tokens are valid: false, expires at: 1759124749280
[debug] [2025-09-29T05:57:12.173Z] Checked if tokens are valid: false, expires at: 1759124749280
[debug] [2025-09-29T05:57:12.173Z] > refreshing access token with scopes: []
[debug] [2025-09-29T05:57:12.174Z] >>> [apiv2][query] POST https://www.googleapis.com/oauth2/v3/token [none]
[debug] [2025-09-29T05:57:12.174Z] >>> [apiv2][body] POST https://www.googleapis.com/oauth2/v3/token [omitted]
[debug] [2025-09-29T05:57:12.176Z] Checked if tokens are valid: false, expires at: 1759124749280
[debug] [2025-09-29T05:57:12.176Z] Checked if tokens are valid: false, expires at: 1759124749280
[debug] [2025-09-29T05:57:12.176Z] > refreshing access token with scopes: []
[debug] [2025-09-29T05:57:12.177Z] >>> [apiv2][query] POST https://www.googleapis.com/oauth2/v3/token [none]
[debug] [2025-09-29T05:57:12.177Z] >>> [apiv2][body] POST https://www.googleapis.com/oauth2/v3/token [omitted]
[debug] [2025-09-29T05:57:12.179Z] Checked if tokens are valid: false, expires at: 1759124749280
[debug] [2025-09-29T05:57:12.179Z] Checked if tokens are valid: false, expires at: 1759124749280
[debug] [2025-09-29T05:57:12.179Z] > refreshing access token with scopes: []
[debug] [2025-09-29T05:57:12.180Z] >>> [apiv2][query] POST https://www.googleapis.com/oauth2/v3/token [none]
[debug] [2025-09-29T05:57:12.180Z] >>> [apiv2][body] POST https://www.googleapis.com/oauth2/v3/token [omitted]
[debug] [2025-09-29T05:57:12.182Z] Checked if tokens are valid: false, expires at: 1759124749280
[debug] [2025-09-29T05:57:12.182Z] Checked if tokens are valid: false, expires at: 1759124749280
[debug] [2025-09-29T05:57:12.182Z] > refreshing access token with scopes: []
[debug] [2025-09-29T05:57:12.183Z] >>> [apiv2][query] POST https://www.googleapis.com/oauth2/v3/token [none]
[debug] [2025-09-29T05:57:12.183Z] >>> [apiv2][body] POST https://www.googleapis.com/oauth2/v3/token [omitted]
[debug] [2025-09-29T05:57:12.185Z] Checked if tokens are valid: false, expires at: 1759124749280
[debug] [2025-09-29T05:57:12.185Z] Checked if tokens are valid: false, expires at: 1759124749280
[debug] [2025-09-29T05:57:12.185Z] > refreshing access token with scopes: []
[debug] [2025-09-29T05:57:12.185Z] >>> [apiv2][query] POST https://www.googleapis.com/oauth2/v3/token [none]
[debug] [2025-09-29T05:57:12.186Z] >>> [apiv2][body] POST https://www.googleapis.com/oauth2/v3/token [omitted]
[debug] [2025-09-29T05:57:12.188Z] Checked if tokens are valid: false, expires at: 1759124749280
[debug] [2025-09-29T05:57:12.188Z] Checked if tokens are valid: false, expires at: 1759124749280
[debug] [2025-09-29T05:57:12.188Z] > refreshing access token with scopes: []
[debug] [2025-09-29T05:57:12.189Z] >>> [apiv2][query] POST https://www.googleapis.com/oauth2/v3/token [none]
[debug] [2025-09-29T05:57:12.189Z] >>> [apiv2][body] POST https://www.googleapis.com/oauth2/v3/token [omitted]
[debug] [2025-09-29T05:57:12.190Z] Checked if tokens are valid: false, expires at: 1759124749280
[debug] [2025-09-29T05:57:12.190Z] Checked if tokens are valid: false, expires at: 1759124749280
[debug] [2025-09-29T05:57:12.191Z] > refreshing access token with scopes: []
[debug] [2025-09-29T05:57:12.191Z] >>> [apiv2][query] POST https://www.googleapis.com/oauth2/v3/token [none]
[debug] [2025-09-29T05:57:12.191Z] >>> [apiv2][body] POST https://www.googleapis.com/oauth2/v3/token [omitted]
[debug] [2025-09-29T05:57:12.193Z] Checked if tokens are valid: false, expires at: 1759124749280
[debug] [2025-09-29T05:57:12.194Z] Checked if tokens are valid: false, expires at: 1759124749280
[debug] [2025-09-29T05:57:12.194Z] > refreshing access token with scopes: []
[debug] [2025-09-29T05:57:12.194Z] >>> [apiv2][query] POST https://www.googleapis.com/oauth2/v3/token [none]
[debug] [2025-09-29T05:57:12.194Z] >>> [apiv2][body] POST https://www.googleapis.com/oauth2/v3/token [omitted]
[error] Failed to fetch Firebase Project from Studio Workspace because WORKSPACE_SLUG environment variable is empty
[error] Failed to fetch Firebase Project from Studio Workspace because WORKSPACE_SLUG environment variable is empty
[debug] [2025-09-29T05:57:12.298Z] Checked if tokens are valid: false, expires at: 1759124749280
[debug] [2025-09-29T05:57:12.299Z] Checked if tokens are valid: false, expires at: 1759124749280
[debug] [2025-09-29T05:57:12.299Z] > refreshing access token with scopes: []
[debug] [2025-09-29T05:57:12.299Z] >>> [apiv2][query] POST https://www.googleapis.com/oauth2/v3/token [none]
[debug] [2025-09-29T05:57:12.299Z] >>> [apiv2][body] POST https://www.googleapis.com/oauth2/v3/token [omitted]
[debug] [2025-09-29T05:57:12.302Z] Checked if tokens are valid: false, expires at: 1759124749280
[debug] [2025-09-29T05:57:12.302Z] Checked if tokens are valid: false, expires at: 1759124749280
[debug] [2025-09-29T05:57:12.302Z] > refreshing access token with scopes: []
[debug] [2025-09-29T05:57:12.303Z] >>> [apiv2][query] POST https://www.googleapis.com/oauth2/v3/token [none]
[debug] [2025-09-29T05:57:12.303Z] >>> [apiv2][body] POST https://www.googleapis.com/oauth2/v3/token [omitted]
[debug] [2025-09-29T05:57:12.305Z] Checked if tokens are valid: false, expires at: 1759124749280
[debug] [2025-09-29T05:57:12.305Z] Checked if tokens are valid: false, expires at: 1759124749280
[debug] [2025-09-29T05:57:12.305Z] > refreshing access token with scopes: []
[debug] [2025-09-29T05:57:12.306Z] >>> [apiv2][query] POST https://www.googleapis.com/oauth2/v3/token [none]
[debug] [2025-09-29T05:57:12.306Z] >>> [apiv2][body] POST https://www.googleapis.com/oauth2/v3/token [omitted]
[debug] [2025-09-29T05:57:12.308Z] Checked if tokens are valid: false, expires at: 1759124749280
[debug] [2025-09-29T05:57:12.308Z] Checked if tokens are valid: false, expires at: 1759124749280
[debug] [2025-09-29T05:57:12.308Z] > refreshing access token with scopes: []
[debug] [2025-09-29T05:57:12.308Z] >>> [apiv2][query] POST https://www.googleapis.com/oauth2/v3/token [none]
[debug] [2025-09-29T05:57:12.308Z] >>> [apiv2][body] POST https://www.googleapis.com/oauth2/v3/token [omitted]
[debug] [2025-09-29T05:57:12.310Z] Checked if tokens are valid: false, expires at: 1759124749280
[debug] [2025-09-29T05:57:12.310Z] Checked if tokens are valid: false, expires at: 1759124749280
[debug] [2025-09-29T05:57:12.310Z] > refreshing access token with scopes: []
[debug] [2025-09-29T05:57:12.311Z] >>> [apiv2][query] POST https://www.googleapis.com/oauth2/v3/token [none]
[debug] [2025-09-29T05:57:12.311Z] >>> [apiv2][body] POST https://www.googleapis.com/oauth2/v3/token [omitted]
[debug] [2025-09-29T05:57:12.313Z] Checked if tokens are valid: false, expires at: 1759124749280
[debug] [2025-09-29T05:57:12.313Z] Checked if tokens are valid: false, expires at: 1759124749280
[debug] [2025-09-29T05:57:12.313Z] > refreshing access token with scopes: []
[debug] [2025-09-29T05:57:12.313Z] >>> [apiv2][query] POST https://www.googleapis.com/oauth2/v3/token [none]
[debug] [2025-09-29T05:57:12.313Z] >>> [apiv2][body] POST https://www.googleapis.com/oauth2/v3/token [omitted]
[debug] [2025-09-29T05:57:12.315Z] Checked if tokens are valid: false, expires at: 1759124749280
[debug] [2025-09-29T05:57:12.315Z] Checked if tokens are valid: false, expires at: 1759124749280
[debug] [2025-09-29T05:57:12.316Z] > refreshing access token with scopes: []
[debug] [2025-09-29T05:57:12.316Z] >>> [apiv2][query] POST https://www.googleapis.com/oauth2/v3/token [none]
[debug] [2025-09-29T05:57:12.316Z] >>> [apiv2][body] POST https://www.googleapis.com/oauth2/v3/token [omitted]
[debug] [2025-09-29T05:57:12.318Z] Checked if tokens are valid: false, expires at: 1759124749280
[debug] [2025-09-29T05:57:12.318Z] Checked if tokens are valid: false, expires at: 1759124749280
[debug] [2025-09-29T05:57:12.318Z] > refreshing access token with scopes: []
[debug] [2025-09-29T05:57:12.319Z] >>> [apiv2][query] POST https://www.googleapis.com/oauth2/v3/token [none]
[debug] [2025-09-29T05:57:12.319Z] >>> [apiv2][body] POST https://www.googleapis.com/oauth2/v3/token [omitted]
[debug] [2025-09-29T05:57:12.320Z] Checked if tokens are valid: false, expires at: 1759124749280
[debug] [2025-09-29T05:57:12.321Z] Checked if tokens are valid: false, expires at: 1759124749280
[debug] [2025-09-29T05:57:12.321Z] > refreshing access token with scopes: []
[debug] [2025-09-29T05:57:12.321Z] >>> [apiv2][query] POST https://www.googleapis.com/oauth2/v3/token [none]
[debug] [2025-09-29T05:57:12.321Z] >>> [apiv2][body] POST https://www.googleapis.com/oauth2/v3/token [omitted]
[debug] [2025-09-29T05:57:12.323Z] Checked if tokens are valid: false, expires at: 1759124749280
[debug] [2025-09-29T05:57:12.323Z] Checked if tokens are valid: false, expires at: 1759124749280
[debug] [2025-09-29T05:57:12.323Z] > refreshing access token with scopes: []
[debug] [2025-09-29T05:57:12.323Z] >>> [apiv2][query] POST https://www.googleapis.com/oauth2/v3/token [none]
[debug] [2025-09-29T05:57:12.324Z] >>> [apiv2][body] POST https://www.googleapis.com/oauth2/v3/token [omitted]
[debug] [2025-09-29T05:57:12.396Z] <<< [apiv2][status] POST https://www.googleapis.com/oauth2/v3/token 200
[debug] [2025-09-29T05:57:12.396Z] <<< [apiv2][body] POST https://www.googleapis.com/oauth2/v3/token [omitted]
[debug] [2025-09-29T05:57:12.415Z] >>> [apiv2][query] GET https://serviceusage.googleapis.com/v1/projects/sreemeditec-final/services/fcm.googleapis.com [none]
[debug] [2025-09-29T05:57:12.415Z] >>> [apiv2][(partial)header] GET https://serviceusage.googleapis.com/v1/projects/sreemeditec-final/services/fcm.googleapis.com x-goog-quota-user=projects/sreemeditec-final
[debug] [2025-09-29T05:57:12.424Z] <<< [apiv2][status] POST https://www.googleapis.com/oauth2/v3/token 200
[debug] [2025-09-29T05:57:12.425Z] <<< [apiv2][body] POST https://www.googleapis.com/oauth2/v3/token [omitted]
[debug] [2025-09-29T05:57:12.439Z] >>> [apiv2][query] GET https://serviceusage.googleapis.com/v1/projects/sreemeditec-final/services/identitytoolkit.googleapis.com [none]
[debug] [2025-09-29T05:57:12.439Z] >>> [apiv2][(partial)header] GET https://serviceusage.googleapis.com/v1/projects/sreemeditec-final/services/identitytoolkit.googleapis.com x-goog-quota-user=projects/sreemeditec-final
[debug] [2025-09-29T05:57:12.452Z] <<< [apiv2][status] POST https://www.googleapis.com/oauth2/v3/token 200
[debug] [2025-09-29T05:57:12.452Z] <<< [apiv2][body] POST https://www.googleapis.com/oauth2/v3/token [omitted]
[debug] [2025-09-29T05:57:12.464Z] >>> [apiv2][query] GET https://serviceusage.googleapis.com/v1/projects/sreemeditec-final/services/storage.googleapis.com [none]
[debug] [2025-09-29T05:57:12.464Z] >>> [apiv2][(partial)header] GET https://serviceusage.googleapis.com/v1/projects/sreemeditec-final/services/storage.googleapis.com x-goog-quota-user=projects/sreemeditec-final
[debug] [2025-09-29T05:57:12.466Z] <<< [apiv2][status] POST https://www.googleapis.com/oauth2/v3/token 200
[debug] [2025-09-29T05:57:12.467Z] <<< [apiv2][body] POST https://www.googleapis.com/oauth2/v3/token [omitted]
[debug] [2025-09-29T05:57:12.479Z] >>> [apiv2][query] GET https://serviceusage.googleapis.com/v1/projects/sreemeditec-final/services/fcm.googleapis.com [none]
[debug] [2025-09-29T05:57:12.479Z] >>> [apiv2][(partial)header] GET https://serviceusage.googleapis.com/v1/projects/sreemeditec-final/services/fcm.googleapis.com x-goog-quota-user=projects/sreemeditec-final
[debug] [2025-09-29T05:57:12.487Z] <<< [apiv2][status] POST https://www.googleapis.com/oauth2/v3/token 200
[debug] [2025-09-29T05:57:12.487Z] <<< [apiv2][body] POST https://www.googleapis.com/oauth2/v3/token [omitted]
[debug] [2025-09-29T05:57:12.505Z] >>> [apiv2][query] GET https://serviceusage.googleapis.com/v1/projects/sreemeditec-final/services/firestore.googleapis.com [none]
[debug] [2025-09-29T05:57:12.505Z] >>> [apiv2][(partial)header] GET https://serviceusage.googleapis.com/v1/projects/sreemeditec-final/services/firestore.googleapis.com x-goog-quota-user=projects/sreemeditec-final
[debug] [2025-09-29T05:57:12.507Z] <<< [apiv2][status] POST https://www.googleapis.com/oauth2/v3/token 200
[debug] [2025-09-29T05:57:12.507Z] <<< [apiv2][body] POST https://www.googleapis.com/oauth2/v3/token [omitted]
[debug] [2025-09-29T05:57:12.527Z] >>> [apiv2][query] GET https://serviceusage.googleapis.com/v1/projects/sreemeditec-final/services/firebaseremoteconfig.googleapis.com [none]
[debug] [2025-09-29T05:57:12.527Z] >>> [apiv2][(partial)header] GET https://serviceusage.googleapis.com/v1/projects/sreemeditec-final/services/firebaseremoteconfig.googleapis.com x-goog-quota-user=projects/sreemeditec-final
[debug] [2025-09-29T05:57:12.552Z] <<< [apiv2][status] POST https://www.googleapis.com/oauth2/v3/token 200
[debug] [2025-09-29T05:57:12.552Z] <<< [apiv2][body] POST https://www.googleapis.com/oauth2/v3/token [omitted]
[debug] [2025-09-29T05:57:12.571Z] >>> [apiv2][query] GET https://serviceusage.googleapis.com/v1/projects/sreemeditec-final/services/firebaseremoteconfig.googleapis.com [none]
[debug] [2025-09-29T05:57:12.571Z] >>> [apiv2][(partial)header] GET https://serviceusage.googleapis.com/v1/projects/sreemeditec-final/services/firebaseremoteconfig.googleapis.com x-goog-quota-user=projects/sreemeditec-final
[debug] [2025-09-29T05:57:12.573Z] <<< [apiv2][status] POST https://www.googleapis.com/oauth2/v3/token 200
[debug] [2025-09-29T05:57:12.573Z] <<< [apiv2][body] POST https://www.googleapis.com/oauth2/v3/token [omitted]
[debug] [2025-09-29T05:57:12.588Z] >>> [apiv2][query] GET https://serviceusage.googleapis.com/v1/projects/sreemeditec-final/services/firebaseio.com [none]
[debug] [2025-09-29T05:57:12.588Z] >>> [apiv2][(partial)header] GET https://serviceusage.googleapis.com/v1/projects/sreemeditec-final/services/firebaseio.com x-goog-quota-user=projects/sreemeditec-final
[debug] [2025-09-29T05:57:12.600Z] <<< [apiv2][status] POST https://www.googleapis.com/oauth2/v3/token 200
[debug] [2025-09-29T05:57:12.600Z] <<< [apiv2][body] POST https://www.googleapis.com/oauth2/v3/token [omitted]
[debug] [2025-09-29T05:57:12.615Z] >>> [apiv2][query] GET https://serviceusage.googleapis.com/v1/projects/sreemeditec-final/services/firebaseapphosting.googleapis.com [none]
[debug] [2025-09-29T05:57:12.615Z] >>> [apiv2][(partial)header] GET https://serviceusage.googleapis.com/v1/projects/sreemeditec-final/services/firebaseapphosting.googleapis.com x-goog-quota-user=projects/sreemeditec-final
[debug] [2025-09-29T05:57:12.618Z] <<< [apiv2][status] POST https://www.googleapis.com/oauth2/v3/token 200
[debug] [2025-09-29T05:57:12.618Z] <<< [apiv2][body] POST https://www.googleapis.com/oauth2/v3/token [omitted]
[debug] [2025-09-29T05:57:12.630Z] >>> [apiv2][query] GET https://serviceusage.googleapis.com/v1/projects/sreemeditec-final/services/firebaseapphosting.googleapis.com [none]
[debug] [2025-09-29T05:57:12.630Z] >>> [apiv2][(partial)header] GET https://serviceusage.googleapis.com/v1/projects/sreemeditec-final/services/firebaseapphosting.googleapis.com x-goog-quota-user=projects/sreemeditec-final
[debug] [2025-09-29T05:57:12.649Z] <<< [apiv2][status] POST https://www.googleapis.com/oauth2/v3/token 200
[debug] [2025-09-29T05:57:12.649Z] <<< [apiv2][body] POST https://www.googleapis.com/oauth2/v3/token [omitted]
[debug] [2025-09-29T05:57:12.668Z] >>> [apiv2][query] GET https://serviceusage.googleapis.com/v1/projects/sreemeditec-final/services/firebasedataconnect.googleapis.com [none]
[debug] [2025-09-29T05:57:12.668Z] >>> [apiv2][(partial)header] GET https://serviceusage.googleapis.com/v1/projects/sreemeditec-final/services/firebasedataconnect.googleapis.com x-goog-quota-user=projects/sreemeditec-final
[debug] [2025-09-29T05:57:12.670Z] <<< [apiv2][status] POST https://www.googleapis.com/oauth2/v3/token 200
[debug] [2025-09-29T05:57:12.670Z] <<< [apiv2][body] POST https://www.googleapis.com/oauth2/v3/token [omitted]
[debug] [2025-09-29T05:57:12.683Z] >>> [apiv2][query] GET https://serviceusage.googleapis.com/v1/projects/sreemeditec-final/services/firebasedataconnect.googleapis.com [none]
[debug] [2025-09-29T05:57:12.683Z] >>> [apiv2][(partial)header] GET https://serviceusage.googleapis.com/v1/projects/sreemeditec-final/services/firebasedataconnect.googleapis.com x-goog-quota-user=projects/sreemeditec-final
[debug] [2025-09-29T05:57:12.691Z] <<< [apiv2][status] POST https://www.googleapis.com/oauth2/v3/token 200
[debug] [2025-09-29T05:57:12.691Z] <<< [apiv2][body] POST https://www.googleapis.com/oauth2/v3/token [omitted]
[debug] [2025-09-29T05:57:12.708Z] >>> [apiv2][query] GET https://serviceusage.googleapis.com/v1/projects/sreemeditec-final/services/ [none]
[debug] [2025-09-29T05:57:12.708Z] >>> [apiv2][(partial)header] GET https://serviceusage.googleapis.com/v1/projects/sreemeditec-final/services/ x-goog-quota-user=projects/sreemeditec-final
[debug] [2025-09-29T05:57:12.728Z] <<< [apiv2][status] POST https://www.googleapis.com/oauth2/v3/token 200
[debug] [2025-09-29T05:57:12.728Z] <<< [apiv2][body] POST https://www.googleapis.com/oauth2/v3/token [omitted]
[debug] [2025-09-29T05:57:12.742Z] >>> [apiv2][query] GET https://serviceusage.googleapis.com/v1/projects/sreemeditec-final/services/ [none]
[debug] [2025-09-29T05:57:12.743Z] >>> [apiv2][(partial)header] GET https://serviceusage.googleapis.com/v1/projects/sreemeditec-final/services/ x-goog-quota-user=projects/sreemeditec-final
[debug] [2025-09-29T05:57:12.761Z] <<< [apiv2][status] POST https://www.googleapis.com/oauth2/v3/token 200
[debug] [2025-09-29T05:57:12.761Z] <<< [apiv2][body] POST https://www.googleapis.com/oauth2/v3/token [omitted]
[debug] [2025-09-29T05:57:12.773Z] >>> [apiv2][query] GET https://serviceusage.googleapis.com/v1/projects/sreemeditec-final/services/storage.googleapis.com [none]
[debug] [2025-09-29T05:57:12.773Z] >>> [apiv2][(partial)header] GET https://serviceusage.googleapis.com/v1/projects/sreemeditec-final/services/storage.googleapis.com x-goog-quota-user=projects/sreemeditec-final
[debug] [2025-09-29T05:57:12.775Z] <<< [apiv2][status] POST https://www.googleapis.com/oauth2/v3/token 200
[debug] [2025-09-29T05:57:12.775Z] <<< [apiv2][body] POST https://www.googleapis.com/oauth2/v3/token [omitted]
[debug] [2025-09-29T05:57:12.786Z] >>> [apiv2][query] GET https://serviceusage.googleapis.com/v1/projects/sreemeditec-final/services/firebasecrashlytics.googleapis.com [none]
[debug] [2025-09-29T05:57:12.787Z] >>> [apiv2][(partial)header] GET https://serviceusage.googleapis.com/v1/projects/sreemeditec-final/services/firebasecrashlytics.googleapis.com x-goog-quota-user=projects/sreemeditec-final
[debug] [2025-09-29T05:57:12.805Z] <<< [apiv2][status] POST https://www.googleapis.com/oauth2/v3/token 200
[debug] [2025-09-29T05:57:12.805Z] <<< [apiv2][body] POST https://www.googleapis.com/oauth2/v3/token [omitted]
[debug] [2025-09-29T05:57:12.823Z] >>> [apiv2][query] GET https://serviceusage.googleapis.com/v1/projects/sreemeditec-final/services/firebaseio.com [none]
[debug] [2025-09-29T05:57:12.823Z] >>> [apiv2][(partial)header] GET https://serviceusage.googleapis.com/v1/projects/sreemeditec-final/services/firebaseio.com x-goog-quota-user=projects/sreemeditec-final
[debug] [2025-09-29T05:57:12.831Z] <<< [apiv2][status] POST https://www.googleapis.com/oauth2/v3/token 200
[debug] [2025-09-29T05:57:12.831Z] <<< [apiv2][body] POST https://www.googleapis.com/oauth2/v3/token [omitted]
[debug] [2025-09-29T05:57:12.842Z] >>> [apiv2][query] GET https://serviceusage.googleapis.com/v1/projects/sreemeditec-final/services/identitytoolkit.googleapis.com [none]
[debug] [2025-09-29T05:57:12.842Z] >>> [apiv2][(partial)header] GET https://serviceusage.googleapis.com/v1/projects/sreemeditec-final/services/identitytoolkit.googleapis.com x-goog-quota-user=projects/sreemeditec-final
[debug] [2025-09-29T05:57:12.857Z] <<< [apiv2][status] POST https://www.googleapis.com/oauth2/v3/token 200
[debug] [2025-09-29T05:57:12.857Z] <<< [apiv2][body] POST https://www.googleapis.com/oauth2/v3/token [omitted]
[debug] [2025-09-29T05:57:12.876Z] >>> [apiv2][query] GET https://serviceusage.googleapis.com/v1/projects/sreemeditec-final/services/firebasecrashlytics.googleapis.com [none]
[debug] [2025-09-29T05:57:12.876Z] >>> [apiv2][(partial)header] GET https://serviceusage.googleapis.com/v1/projects/sreemeditec-final/services/firebasecrashlytics.googleapis.com x-goog-quota-user=projects/sreemeditec-final
[debug] [2025-09-29T05:57:12.881Z] <<< [apiv2][status] POST https://www.googleapis.com/oauth2/v3/token 200
[debug] [2025-09-29T05:57:12.882Z] <<< [apiv2][body] POST https://www.googleapis.com/oauth2/v3/token [omitted]
[debug] [2025-09-29T05:57:12.893Z] >>> [apiv2][query] GET https://serviceusage.googleapis.com/v1/projects/sreemeditec-final/services/firestore.googleapis.com [none]
[debug] [2025-09-29T05:57:12.893Z] >>> [apiv2][(partial)header] GET https://serviceusage.googleapis.com/v1/projects/sreemeditec-final/services/firestore.googleapis.com x-goog-quota-user=projects/sreemeditec-final
[debug] [2025-09-29T05:57:13.577Z] <<< [apiv2][status] GET https://serviceusage.googleapis.com/v1/projects/sreemeditec-final/services/fcm.googleapis.com 200
[debug] [2025-09-29T05:57:13.578Z] <<< [apiv2][body] GET https://serviceusage.googleapis.com/v1/projects/sreemeditec-final/services/fcm.googleapis.com [omitted]
[debug] [2025-09-29T05:57:13.596Z] <<< [apiv2][status] GET https://serviceusage.googleapis.com/v1/projects/sreemeditec-final/services/identitytoolkit.googleapis.com 200
[debug] [2025-09-29T05:57:13.597Z] <<< [apiv2][body] GET https://serviceusage.googleapis.com/v1/projects/sreemeditec-final/services/identitytoolkit.googleapis.com [omitted]
[debug] [2025-09-29T05:57:13.612Z] <<< [apiv2][status] GET https://serviceusage.googleapis.com/v1/projects/sreemeditec-final/services/storage.googleapis.com 200
[debug] [2025-09-29T05:57:13.612Z] <<< [apiv2][body] GET https://serviceusage.googleapis.com/v1/projects/sreemeditec-final/services/storage.googleapis.com [omitted]
[debug] [2025-09-29T05:57:13.626Z] <<< [apiv2][status] GET https://serviceusage.googleapis.com/v1/projects/sreemeditec-final/services/fcm.googleapis.com 200
[debug] [2025-09-29T05:57:13.627Z] <<< [apiv2][body] GET https://serviceusage.googleapis.com/v1/projects/sreemeditec-final/services/fcm.googleapis.com [omitted]
[debug] [2025-09-29T05:57:13.644Z] <<< [apiv2][status] GET https://serviceusage.googleapis.com/v1/projects/sreemeditec-final/services/firebaseremoteconfig.googleapis.com 200
[debug] [2025-09-29T05:57:13.645Z] <<< [apiv2][body] GET https://serviceusage.googleapis.com/v1/projects/sreemeditec-final/services/firebaseremoteconfig.googleapis.com [omitted]
[debug] [2025-09-29T05:57:13.672Z] <<< [apiv2][status] GET https://serviceusage.googleapis.com/v1/projects/sreemeditec-final/services/firestore.googleapis.com 200
[debug] [2025-09-29T05:57:13.673Z] <<< [apiv2][body] GET https://serviceusage.googleapis.com/v1/projects/sreemeditec-final/services/firestore.googleapis.com [omitted]
[debug] [2025-09-29T05:57:13.686Z] <<< [apiv2][status] GET https://serviceusage.googleapis.com/v1/projects/sreemeditec-final/services/firebaseremoteconfig.googleapis.com 200
[debug] [2025-09-29T05:57:13.686Z] <<< [apiv2][body] GET https://serviceusage.googleapis.com/v1/projects/sreemeditec-final/services/firebaseremoteconfig.googleapis.com [omitted]
[debug] [2025-09-29T05:57:13.702Z] <<< [apiv2][status] GET https://serviceusage.googleapis.com/v1/projects/sreemeditec-final/services/firebaseio.com 403
[debug] [2025-09-29T05:57:13.702Z] <<< [apiv2][body] GET https://serviceusage.googleapis.com/v1/projects/sreemeditec-final/services/firebaseio.com [omitted]
[debug] [2025-09-29T05:57:13.722Z] <<< [apiv2][status] GET https://serviceusage.googleapis.com/v1/projects/sreemeditec-final/services/firebaseapphosting.googleapis.com 200
[debug] [2025-09-29T05:57:13.723Z] <<< [apiv2][body] GET https://serviceusage.googleapis.com/v1/projects/sreemeditec-final/services/firebaseapphosting.googleapis.com [omitted]
[debug] [2025-09-29T05:57:13.747Z] <<< [apiv2][status] GET https://serviceusage.googleapis.com/v1/projects/sreemeditec-final/services/firebasedataconnect.googleapis.com 200
[debug] [2025-09-29T05:57:13.750Z] <<< [apiv2][body] GET https://serviceusage.googleapis.com/v1/projects/sreemeditec-final/services/firebasedataconnect.googleapis.com [omitted]
[debug] [2025-09-29T05:57:13.767Z] <<< [apiv2][status] GET https://serviceusage.googleapis.com/v1/projects/sreemeditec-final/services/firebaseapphosting.googleapis.com 200
[debug] [2025-09-29T05:57:13.769Z] <<< [apiv2][body] GET https://serviceusage.googleapis.com/v1/projects/sreemeditec-final/services/firebaseapphosting.googleapis.com [omitted]
[debug] [2025-09-29T05:57:13.812Z] <<< [apiv2][status] GET https://serviceusage.googleapis.com/v1/projects/sreemeditec-final/services/firebasedataconnect.googleapis.com 200
[debug] [2025-09-29T05:57:13.816Z] <<< [apiv2][body] GET https://serviceusage.googleapis.com/v1/projects/sreemeditec-final/services/firebasedataconnect.googleapis.com [omitted]
[debug] [2025-09-29T05:57:13.848Z] <<< [apiv2][status] GET https://serviceusage.googleapis.com/v1/projects/sreemeditec-final/services/firebaseio.com 403
[debug] [2025-09-29T05:57:13.848Z] <<< [apiv2][body] GET https://serviceusage.googleapis.com/v1/projects/sreemeditec-final/services/firebaseio.com [omitted]
[debug] [2025-09-29T05:57:13.870Z] <<< [apiv2][status] GET https://serviceusage.googleapis.com/v1/projects/sreemeditec-final/services/storage.googleapis.com 200
[debug] [2025-09-29T05:57:13.870Z] <<< [apiv2][body] GET https://serviceusage.googleapis.com/v1/projects/sreemeditec-final/services/storage.googleapis.com [omitted]
[debug] [2025-09-29T05:57:13.883Z] <<< [apiv2][status] GET https://serviceusage.googleapis.com/v1/projects/sreemeditec-final/services/firebasecrashlytics.googleapis.com 200
[debug] [2025-09-29T05:57:13.883Z] <<< [apiv2][body] GET https://serviceusage.googleapis.com/v1/projects/sreemeditec-final/services/firebasecrashlytics.googleapis.com [omitted]
[debug] [2025-09-29T05:57:13.914Z] <<< [apiv2][status] GET https://serviceusage.googleapis.com/v1/projects/sreemeditec-final/services/identitytoolkit.googleapis.com 200
[debug] [2025-09-29T05:57:13.914Z] <<< [apiv2][body] GET https://serviceusage.googleapis.com/v1/projects/sreemeditec-final/services/identitytoolkit.googleapis.com [omitted]
[debug] [2025-09-29T05:57:13.939Z] <<< [apiv2][status] GET https://serviceusage.googleapis.com/v1/projects/sreemeditec-final/services/firebasecrashlytics.googleapis.com 200
[debug] [2025-09-29T05:57:13.939Z] <<< [apiv2][body] GET https://serviceusage.googleapis.com/v1/projects/sreemeditec-final/services/firebasecrashlytics.googleapis.com [omitted]
[debug] [2025-09-29T05:57:13.949Z] <<< [apiv2][status] GET https://serviceusage.googleapis.com/v1/projects/sreemeditec-final/services/firestore.googleapis.com 200
[debug] [2025-09-29T05:57:13.949Z] <<< [apiv2][body] GET https://serviceusage.googleapis.com/v1/projects/sreemeditec-final/services/firestore.googleapis.com [omitted]
[debug] [2025-09-29T05:57:14.139Z] <<< [apiv2][status] GET https://serviceusage.googleapis.com/v1/projects/sreemeditec-final/services/ 200
[debug] [2025-09-29T05:57:14.139Z] <<< [apiv2][body] GET https://serviceusage.googleapis.com/v1/projects/sreemeditec-final/services/ [omitted]
[error] Failed to fetch Firebase Project from Studio Workspace because WORKSPACE_SLUG environment variable is empty
[error] Failed to fetch Firebase Project from Studio Workspace because WORKSPACE_SLUG environment variable is empty
[debug] [2025-09-29T05:57:14.146Z] > command requires scopes: ["email","openid","https://www.googleapis.com/auth/cloudplatformprojects.readonly","https://www.googleapis.com/auth/firebase","https://www.googleapis.com/auth/cloud-platform","https://www.googleapis.com/auth/userinfo.email"]
[debug] [2025-09-29T05:57:14.147Z] > authorizing via signed-in user (maviiispams17@gmail.com)
[debug] [2025-09-29T05:57:14.169Z] <<< [apiv2][status] GET https://serviceusage.googleapis.com/v1/projects/sreemeditec-final/services/ 200
[debug] [2025-09-29T05:57:14.169Z] <<< [apiv2][body] GET https://serviceusage.googleapis.com/v1/projects/sreemeditec-final/services/ [omitted]
[error] Failed to fetch Firebase Project from Studio Workspace because WORKSPACE_SLUG environment variable is empty
[error] Failed to fetch Firebase Project from Studio Workspace because WORKSPACE_SLUG environment variable is empty
[debug] [2025-09-29T05:57:14.183Z] > command requires scopes: ["email","openid","https://www.googleapis.com/auth/cloudplatformprojects.readonly","https://www.googleapis.com/auth/firebase","https://www.googleapis.com/auth/cloud-platform","https://www.googleapis.com/auth/userinfo.email"]
[debug] [2025-09-29T05:57:14.183Z] > authorizing via signed-in user (maviiispams17@gmail.com)
[error] Failed to fetch Firebase Project from Studio Workspace because WORKSPACE_SLUG environment variable is empty
[error] Failed to fetch Firebase Project from Studio Workspace because WORKSPACE_SLUG environment variable is empty
[debug] [2025-09-29T05:57:14.193Z] > command requires scopes: ["email","openid","https://www.googleapis.com/auth/cloudplatformprojects.readonly","https://www.googleapis.com/auth/firebase","https://www.googleapis.com/auth/cloud-platform","https://www.googleapis.com/auth/userinfo.email"]
[debug] [2025-09-29T05:57:14.194Z] > authorizing via signed-in user (maviiispams17@gmail.com)
[error] Failed to fetch Firebase Project from Studio Workspace because WORKSPACE_SLUG environment variable is empty
[error] Failed to fetch Firebase Project from Studio Workspace because WORKSPACE_SLUG environment variable is empty
[debug] [2025-09-29T06:05:15.527Z] Checked if tokens are valid: true, expires at: 1759129031882
[debug] [2025-09-29T06:05:15.527Z] Checked if tokens are valid: true, expires at: 1759129031882
[debug] [2025-09-29T06:05:15.528Z] Checked if tokens are valid: true, expires at: 1759129031882
[debug] [2025-09-29T06:05:15.528Z] Checked if tokens are valid: true, expires at: 1759129031882
[debug] [2025-09-29T06:05:15.529Z] Checked if tokens are valid: true, expires at: 1759129031882
[debug] [2025-09-29T06:05:15.529Z] Checked if tokens are valid: true, expires at: 1759129031882
[debug] [2025-09-29T06:05:15.530Z] Checked if tokens are valid: true, expires at: 1759129031882
[debug] [2025-09-29T06:05:15.530Z] Checked if tokens are valid: true, expires at: 1759129031882
[debug] [2025-09-29T06:05:15.530Z] Checked if tokens are valid: true, expires at: 1759129031882
[debug] [2025-09-29T06:05:15.530Z] Checked if tokens are valid: true, expires at: 1759129031882
[debug] [2025-09-29T06:05:15.531Z] Checked if tokens are valid: true, expires at: 1759129031882
[debug] [2025-09-29T06:05:15.531Z] Checked if tokens are valid: true, expires at: 1759129031882
[debug] [2025-09-29T06:05:15.533Z] >>> [apiv2][query] GET https://serviceusage.googleapis.com/v1/projects/sreemeditec-final/services/ [none]
[debug] [2025-09-29T06:05:15.533Z] >>> [apiv2][(partial)header] GET https://serviceusage.googleapis.com/v1/projects/sreemeditec-final/services/ x-goog-quota-user=projects/sreemeditec-final
[debug] [2025-09-29T06:05:15.564Z] >>> [apiv2][query] GET https://serviceusage.googleapis.com/v1/projects/sreemeditec-final/services/firestore.googleapis.com [none]
[debug] [2025-09-29T06:05:15.564Z] >>> [apiv2][(partial)header] GET https://serviceusage.googleapis.com/v1/projects/sreemeditec-final/services/firestore.googleapis.com x-goog-quota-user=projects/sreemeditec-final
[debug] [2025-09-29T06:05:15.567Z] >>> [apiv2][query] GET https://serviceusage.googleapis.com/v1/projects/sreemeditec-final/services/firebasedataconnect.googleapis.com [none]
[debug] [2025-09-29T06:05:15.567Z] >>> [apiv2][(partial)header] GET https://serviceusage.googleapis.com/v1/projects/sreemeditec-final/services/firebasedataconnect.googleapis.com x-goog-quota-user=projects/sreemeditec-final
[debug] [2025-09-29T06:05:15.570Z] >>> [apiv2][query] GET https://serviceusage.googleapis.com/v1/projects/sreemeditec-final/services/firebasecrashlytics.googleapis.com [none]
[debug] [2025-09-29T06:05:15.570Z] >>> [apiv2][(partial)header] GET https://serviceusage.googleapis.com/v1/projects/sreemeditec-final/services/firebasecrashlytics.googleapis.com x-goog-quota-user=projects/sreemeditec-final
[debug] [2025-09-29T06:05:15.572Z] >>> [apiv2][query] GET https://serviceusage.googleapis.com/v1/projects/sreemeditec-final/services/firebaseapphosting.googleapis.com [none]
[debug] [2025-09-29T06:05:15.572Z] >>> [apiv2][(partial)header] GET https://serviceusage.googleapis.com/v1/projects/sreemeditec-final/services/firebaseapphosting.googleapis.com x-goog-quota-user=projects/sreemeditec-final
[debug] [2025-09-29T06:05:15.573Z] >>> [apiv2][query] GET https://serviceusage.googleapis.com/v1/projects/sreemeditec-final/services/firebaseio.com [none]
[debug] [2025-09-29T06:05:15.573Z] >>> [apiv2][(partial)header] GET https://serviceusage.googleapis.com/v1/projects/sreemeditec-final/services/firebaseio.com x-goog-quota-user=projects/sreemeditec-final
[error] Failed to fetch Firebase Project from Studio Workspace because WORKSPACE_SLUG environment variable is empty
[error] Failed to fetch Firebase Project from Studio Workspace because WORKSPACE_SLUG environment variable is empty
[debug] [2025-09-29T06:05:15.644Z] Checked if tokens are valid: true, expires at: 1759129031882
[debug] [2025-09-29T06:05:15.644Z] Checked if tokens are valid: true, expires at: 1759129031882
[debug] [2025-09-29T06:05:15.644Z] Checked if tokens are valid: true, expires at: 1759129031882
[debug] [2025-09-29T06:05:15.644Z] Checked if tokens are valid: true, expires at: 1759129031882
[debug] [2025-09-29T06:05:15.644Z] Checked if tokens are valid: true, expires at: 1759129031882
[debug] [2025-09-29T06:05:15.645Z] Checked if tokens are valid: true, expires at: 1759129031882
[debug] [2025-09-29T06:05:15.645Z] Checked if tokens are valid: true, expires at: 1759129031882
[debug] [2025-09-29T06:05:15.645Z] Checked if tokens are valid: true, expires at: 1759129031882
[debug] [2025-09-29T06:05:15.645Z] Checked if tokens are valid: true, expires at: 1759129031882
[debug] [2025-09-29T06:05:15.646Z] Checked if tokens are valid: true, expires at: 1759129031882
[debug] [2025-09-29T06:05:15.646Z] Checked if tokens are valid: true, expires at: 1759129031882
[debug] [2025-09-29T06:05:15.646Z] Checked if tokens are valid: true, expires at: 1759129031882
[debug] [2025-09-29T06:05:15.646Z] >>> [apiv2][query] GET https://serviceusage.googleapis.com/v1/projects/sreemeditec-final/services/ [none]
[debug] [2025-09-29T06:05:15.646Z] >>> [apiv2][(partial)header] GET https://serviceusage.googleapis.com/v1/projects/sreemeditec-final/services/ x-goog-quota-user=projects/sreemeditec-final
[debug] [2025-09-29T06:05:15.648Z] >>> [apiv2][query] GET https://serviceusage.googleapis.com/v1/projects/sreemeditec-final/services/firestore.googleapis.com [none]
[debug] [2025-09-29T06:05:15.648Z] >>> [apiv2][(partial)header] GET https://serviceusage.googleapis.com/v1/projects/sreemeditec-final/services/firestore.googleapis.com x-goog-quota-user=projects/sreemeditec-final
[debug] [2025-09-29T06:05:15.650Z] >>> [apiv2][query] GET https://serviceusage.googleapis.com/v1/projects/sreemeditec-final/services/firebasedataconnect.googleapis.com [none]
[debug] [2025-09-29T06:05:15.650Z] >>> [apiv2][(partial)header] GET https://serviceusage.googleapis.com/v1/projects/sreemeditec-final/services/firebasedataconnect.googleapis.com x-goog-quota-user=projects/sreemeditec-final
[debug] [2025-09-29T06:05:15.652Z] >>> [apiv2][query] GET https://serviceusage.googleapis.com/v1/projects/sreemeditec-final/services/firebasecrashlytics.googleapis.com [none]
[debug] [2025-09-29T06:05:15.653Z] >>> [apiv2][(partial)header] GET https://serviceusage.googleapis.com/v1/projects/sreemeditec-final/services/firebasecrashlytics.googleapis.com x-goog-quota-user=projects/sreemeditec-final
[debug] [2025-09-29T06:05:15.655Z] >>> [apiv2][query] GET https://serviceusage.googleapis.com/v1/projects/sreemeditec-final/services/firebaseapphosting.googleapis.com [none]
[debug] [2025-09-29T06:05:15.655Z] >>> [apiv2][(partial)header] GET https://serviceusage.googleapis.com/v1/projects/sreemeditec-final/services/firebaseapphosting.googleapis.com x-goog-quota-user=projects/sreemeditec-final
[debug] [2025-09-29T06:05:15.657Z] >>> [apiv2][query] GET https://serviceusage.googleapis.com/v1/projects/sreemeditec-final/services/firebaseio.com [none]
[debug] [2025-09-29T06:05:15.657Z] >>> [apiv2][(partial)header] GET https://serviceusage.googleapis.com/v1/projects/sreemeditec-final/services/firebaseio.com x-goog-quota-user=projects/sreemeditec-final
[debug] [2025-09-29T06:05:16.643Z] <<< [apiv2][status] GET https://serviceusage.googleapis.com/v1/projects/sreemeditec-final/services/firebaseio.com 403
[debug] [2025-09-29T06:05:16.644Z] <<< [apiv2][body] GET https://serviceusage.googleapis.com/v1/projects/sreemeditec-final/services/firebaseio.com [omitted]
[debug] [2025-09-29T06:05:16.662Z] <<< [apiv2][status] GET https://serviceusage.googleapis.com/v1/projects/sreemeditec-final/services/firebasedataconnect.googleapis.com 200
[debug] [2025-09-29T06:05:16.663Z] <<< [apiv2][body] GET https://serviceusage.googleapis.com/v1/projects/sreemeditec-final/services/firebasedataconnect.googleapis.com [omitted]
[debug] [2025-09-29T06:05:16.664Z] <<< [apiv2][status] GET https://serviceusage.googleapis.com/v1/projects/sreemeditec-final/services/firebaseio.com 403
[debug] [2025-09-29T06:05:16.665Z] <<< [apiv2][body] GET https://serviceusage.googleapis.com/v1/projects/sreemeditec-final/services/firebaseio.com [omitted]
[debug] [2025-09-29T06:05:16.665Z] <<< [apiv2][status] GET https://serviceusage.googleapis.com/v1/projects/sreemeditec-final/services/firebasecrashlytics.googleapis.com 200
[debug] [2025-09-29T06:05:16.665Z] <<< [apiv2][body] GET https://serviceusage.googleapis.com/v1/projects/sreemeditec-final/services/firebasecrashlytics.googleapis.com [omitted]
[debug] [2025-09-29T06:05:16.672Z] <<< [apiv2][status] GET https://serviceusage.googleapis.com/v1/projects/sreemeditec-final/services/firebaseapphosting.googleapis.com 200
[debug] [2025-09-29T06:05:16.672Z] <<< [apiv2][body] GET https://serviceusage.googleapis.com/v1/projects/sreemeditec-final/services/firebaseapphosting.googleapis.com [omitted]
[debug] [2025-09-29T06:05:16.675Z] <<< [apiv2][status] GET https://serviceusage.googleapis.com/v1/projects/sreemeditec-final/services/firebasedataconnect.googleapis.com 200
[debug] [2025-09-29T06:05:16.675Z] <<< [apiv2][body] GET https://serviceusage.googleapis.com/v1/projects/sreemeditec-final/services/firebasedataconnect.googleapis.com [omitted]
[debug] [2025-09-29T06:05:16.676Z] <<< [apiv2][status] GET https://serviceusage.googleapis.com/v1/projects/sreemeditec-final/services/ 200
[debug] [2025-09-29T06:05:16.676Z] <<< [apiv2][body] GET https://serviceusage.googleapis.com/v1/projects/sreemeditec-final/services/ [omitted]
[debug] [2025-09-29T06:05:16.676Z] <<< [apiv2][status] GET https://serviceusage.googleapis.com/v1/projects/sreemeditec-final/services/firestore.googleapis.com 200
[debug] [2025-09-29T06:05:16.676Z] <<< [apiv2][body] GET https://serviceusage.googleapis.com/v1/projects/sreemeditec-final/services/firestore.googleapis.com [omitted]
[debug] [2025-09-29T06:05:16.697Z] <<< [apiv2][status] GET https://serviceusage.googleapis.com/v1/projects/sreemeditec-final/services/firebaseapphosting.googleapis.com 200
[debug] [2025-09-29T06:05:16.697Z] <<< [apiv2][body] GET https://serviceusage.googleapis.com/v1/projects/sreemeditec-final/services/firebaseapphosting.googleapis.com [omitted]
[debug] [2025-09-29T06:05:16.710Z] <<< [apiv2][status] GET https://serviceusage.googleapis.com/v1/projects/sreemeditec-final/services/firebasecrashlytics.googleapis.com 200
[debug] [2025-09-29T06:05:16.710Z] <<< [apiv2][body] GET https://serviceusage.googleapis.com/v1/projects/sreemeditec-final/services/firebasecrashlytics.googleapis.com [omitted]
[debug] [2025-09-29T06:05:16.711Z] <<< [apiv2][status] GET https://serviceusage.googleapis.com/v1/projects/sreemeditec-final/services/firestore.googleapis.com 200
[debug] [2025-09-29T06:05:16.712Z] <<< [apiv2][body] GET https://serviceusage.googleapis.com/v1/projects/sreemeditec-final/services/firestore.googleapis.com [omitted]
[debug] [2025-09-29T06:05:17.108Z] <<< [apiv2][status] GET https://serviceusage.googleapis.com/v1/projects/sreemeditec-final/services/ 200
[debug] [2025-09-29T06:05:17.108Z] <<< [apiv2][body] GET https://serviceusage.googleapis.com/v1/projects/sreemeditec-final/services/ [omitted]
[error] Failed to fetch Firebase Project from Studio Workspace because WORKSPACE_SLUG environment variable is empty
[error] Failed to fetch Firebase Project from Studio Workspace because WORKSPACE_SLUG environment variable is empty
[debug] [2025-09-29T06:05:17.117Z] > command requires scopes: ["email","openid","https://www.googleapis.com/auth/cloudplatformprojects.readonly","https://www.googleapis.com/auth/firebase","https://www.googleapis.com/auth/cloud-platform","https://www.googleapis.com/auth/userinfo.email"]
[debug] [2025-09-29T06:05:17.118Z] > authorizing via signed-in user (maviiispams17@gmail.com)
[error] Failed to fetch Firebase Project from Studio Workspace because WORKSPACE_SLUG environment variable is empty
[error] Failed to fetch Firebase Project from Studio Workspace because WORKSPACE_SLUG environment variable is empty
[error] Failed to fetch Firebase Project from Studio Workspace because WORKSPACE_SLUG environment variable is empty
[error] Failed to fetch Firebase Project from Studio Workspace because WORKSPACE_SLUG environment variable is empty
[debug] [2025-09-29T06:05:17.151Z] > command requires scopes: ["email","openid","https://www.googleapis.com/auth/cloudplatformprojects.readonly","https://www.googleapis.com/auth/firebase","https://www.googleapis.com/auth/cloud-platform","https://www.googleapis.com/auth/userinfo.email"]
[debug] [2025-09-29T06:05:17.151Z] > authorizing via signed-in user (maviiispams17@gmail.com)
[debug] [2025-09-29T06:05:17.151Z] > command requires scopes: ["email","openid","https://www.googleapis.com/auth/cloudplatformprojects.readonly","https://www.googleapis.com/auth/firebase","https://www.googleapis.com/auth/cloud-platform","https://www.googleapis.com/auth/userinfo.email"]
[debug] [2025-09-29T06:05:17.151Z] > authorizing via signed-in user (maviiispams17@gmail.com)
[error] Failed to fetch Firebase Project from Studio Workspace because WORKSPACE_SLUG environment variable is empty
[error] Failed to fetch Firebase Project from Studio Workspace because WORKSPACE_SLUG environment variable is empty
[debug] [2025-09-29T06:24:01.459Z] Checked if tokens are valid: true, expires at: 1759129031882
[debug] [2025-09-29T06:24:01.460Z] Checked if tokens are valid: true, expires at: 1759129031882
[debug] [2025-09-29T06:24:01.460Z] Checked if tokens are valid: true, expires at: 1759129031882
[debug] [2025-09-29T06:24:01.460Z] Checked if tokens are valid: true, expires at: 1759129031882
[debug] [2025-09-29T06:24:01.461Z] Checked if tokens are valid: true, expires at: 1759129031882
[debug] [2025-09-29T06:24:01.461Z] Checked if tokens are valid: true, expires at: 1759129031882
[debug] [2025-09-29T06:24:01.462Z] Checked if tokens are valid: true, expires at: 1759129031882
[debug] [2025-09-29T06:24:01.462Z] Checked if tokens are valid: true, expires at: 1759129031882
[debug] [2025-09-29T06:24:01.463Z] Checked if tokens are valid: true, expires at: 1759129031882
[debug] [2025-09-29T06:24:01.463Z] Checked if tokens are valid: true, expires at: 1759129031882
[debug] [2025-09-29T06:24:01.463Z] Checked if tokens are valid: true, expires at: 1759129031882
[debug] [2025-09-29T06:24:01.464Z] Checked if tokens are valid: true, expires at: 1759129031882
[debug] [2025-09-29T06:24:01.467Z] >>> [apiv2][query] GET https://serviceusage.googleapis.com/v1/projects/sreemeditec-final/services/ [none]
[debug] [2025-09-29T06:24:01.467Z] >>> [apiv2][(partial)header] GET https://serviceusage.googleapis.com/v1/projects/sreemeditec-final/services/ x-goog-quota-user=projects/sreemeditec-final
[debug] [2025-09-29T06:24:01.496Z] >>> [apiv2][query] GET https://serviceusage.googleapis.com/v1/projects/sreemeditec-final/services/firestore.googleapis.com [none]
[debug] [2025-09-29T06:24:01.496Z] >>> [apiv2][(partial)header] GET https://serviceusage.googleapis.com/v1/projects/sreemeditec-final/services/firestore.googleapis.com x-goog-quota-user=projects/sreemeditec-final
[debug] [2025-09-29T06:24:01.499Z] >>> [apiv2][query] GET https://serviceusage.googleapis.com/v1/projects/sreemeditec-final/services/firebasedataconnect.googleapis.com [none]
[debug] [2025-09-29T06:24:01.499Z] >>> [apiv2][(partial)header] GET https://serviceusage.googleapis.com/v1/projects/sreemeditec-final/services/firebasedataconnect.googleapis.com x-goog-quota-user=projects/sreemeditec-final
[debug] [2025-09-29T06:24:01.501Z] >>> [apiv2][query] GET https://serviceusage.googleapis.com/v1/projects/sreemeditec-final/services/firebasecrashlytics.googleapis.com [none]
[debug] [2025-09-29T06:24:01.502Z] >>> [apiv2][(partial)header] GET https://serviceusage.googleapis.com/v1/projects/sreemeditec-final/services/firebasecrashlytics.googleapis.com x-goog-quota-user=projects/sreemeditec-final
[debug] [2025-09-29T06:24:01.504Z] >>> [apiv2][query] GET https://serviceusage.googleapis.com/v1/projects/sreemeditec-final/services/firebaseapphosting.googleapis.com [none]
[debug] [2025-09-29T06:24:01.505Z] >>> [apiv2][(partial)header] GET https://serviceusage.googleapis.com/v1/projects/sreemeditec-final/services/firebaseapphosting.googleapis.com x-goog-quota-user=projects/sreemeditec-final
[debug] [2025-09-29T06:24:01.506Z] >>> [apiv2][query] GET https://serviceusage.googleapis.com/v1/projects/sreemeditec-final/services/firebaseio.com [none]
[debug] [2025-09-29T06:24:01.507Z] >>> [apiv2][(partial)header] GET https://serviceusage.googleapis.com/v1/projects/sreemeditec-final/services/firebaseio.com x-goog-quota-user=projects/sreemeditec-final
[error] Failed to fetch Firebase Project from Studio Workspace because WORKSPACE_SLUG environment variable is empty
[error] Failed to fetch Firebase Project from Studio Workspace because WORKSPACE_SLUG environment variable is empty
[debug] [2025-09-29T06:24:01.597Z] Checked if tokens are valid: true, expires at: 1759129031882
[debug] [2025-09-29T06:24:01.598Z] Checked if tokens are valid: true, expires at: 1759129031882
[debug] [2025-09-29T06:24:01.600Z] Checked if tokens are valid: true, expires at: 1759129031882
[debug] [2025-09-29T06:24:01.600Z] Checked if tokens are valid: true, expires at: 1759129031882
[debug] [2025-09-29T06:24:01.601Z] Checked if tokens are valid: true, expires at: 1759129031882
[debug] [2025-09-29T06:24:01.601Z] Checked if tokens are valid: true, expires at: 1759129031882
[debug] [2025-09-29T06:24:01.602Z] Checked if tokens are valid: true, expires at: 1759129031882
[debug] [2025-09-29T06:24:01.602Z] Checked if tokens are valid: true, expires at: 1759129031882
[debug] [2025-09-29T06:24:01.603Z] Checked if tokens are valid: true, expires at: 1759129031882
[debug] [2025-09-29T06:24:01.603Z] Checked if tokens are valid: true, expires at: 1759129031882
[debug] [2025-09-29T06:24:01.604Z] Checked if tokens are valid: true, expires at: 1759129031882
[debug] [2025-09-29T06:24:01.604Z] Checked if tokens are valid: true, expires at: 1759129031882
[debug] [2025-09-29T06:24:01.604Z] >>> [apiv2][query] GET https://serviceusage.googleapis.com/v1/projects/sreemeditec-final/services/ [none]
[debug] [2025-09-29T06:24:01.604Z] >>> [apiv2][(partial)header] GET https://serviceusage.googleapis.com/v1/projects/sreemeditec-final/services/ x-goog-quota-user=projects/sreemeditec-final
[debug] [2025-09-29T06:24:01.607Z] >>> [apiv2][query] GET https://serviceusage.googleapis.com/v1/projects/sreemeditec-final/services/firestore.googleapis.com [none]
[debug] [2025-09-29T06:24:01.608Z] >>> [apiv2][(partial)header] GET https://serviceusage.googleapis.com/v1/projects/sreemeditec-final/services/firestore.googleapis.com x-goog-quota-user=projects/sreemeditec-final
[debug] [2025-09-29T06:24:01.611Z] >>> [apiv2][query] GET https://serviceusage.googleapis.com/v1/projects/sreemeditec-final/services/firebasedataconnect.googleapis.com [none]
[debug] [2025-09-29T06:24:01.612Z] >>> [apiv2][(partial)header] GET https://serviceusage.googleapis.com/v1/projects/sreemeditec-final/services/firebasedataconnect.googleapis.com x-goog-quota-user=projects/sreemeditec-final
[debug] [2025-09-29T06:24:01.615Z] >>> [apiv2][query] GET https://serviceusage.googleapis.com/v1/projects/sreemeditec-final/services/firebasecrashlytics.googleapis.com [none]
[debug] [2025-09-29T06:24:01.615Z] >>> [apiv2][(partial)header] GET https://serviceusage.googleapis.com/v1/projects/sreemeditec-final/services/firebasecrashlytics.googleapis.com x-goog-quota-user=projects/sreemeditec-final
[debug] [2025-09-29T06:24:01.618Z] >>> [apiv2][query] GET https://serviceusage.googleapis.com/v1/projects/sreemeditec-final/services/firebaseapphosting.googleapis.com [none]
[debug] [2025-09-29T06:24:01.618Z] >>> [apiv2][(partial)header] GET https://serviceusage.googleapis.com/v1/projects/sreemeditec-final/services/firebaseapphosting.googleapis.com x-goog-quota-user=projects/sreemeditec-final
[debug] [2025-09-29T06:24:01.620Z] >>> [apiv2][query] GET https://serviceusage.googleapis.com/v1/projects/sreemeditec-final/services/firebaseio.com [none]
[debug] [2025-09-29T06:24:01.620Z] >>> [apiv2][(partial)header] GET https://serviceusage.googleapis.com/v1/projects/sreemeditec-final/services/firebaseio.com x-goog-quota-user=projects/sreemeditec-final
[debug] [2025-09-29T06:24:02.549Z] <<< [apiv2][status] GET https://serviceusage.googleapis.com/v1/projects/sreemeditec-final/services/firebaseio.com 403
[debug] [2025-09-29T06:24:02.550Z] <<< [apiv2][body] GET https://serviceusage.googleapis.com/v1/projects/sreemeditec-final/services/firebaseio.com [omitted]
[debug] [2025-09-29T06:24:02.585Z] <<< [apiv2][status] GET https://serviceusage.googleapis.com/v1/projects/sreemeditec-final/services/firebaseapphosting.googleapis.com 200
[debug] [2025-09-29T06:24:02.586Z] <<< [apiv2][body] GET https://serviceusage.googleapis.com/v1/projects/sreemeditec-final/services/firebaseapphosting.googleapis.com [omitted]
[debug] [2025-09-29T06:24:02.593Z] <<< [apiv2][status] GET https://serviceusage.googleapis.com/v1/projects/sreemeditec-final/services/firestore.googleapis.com 200
[debug] [2025-09-29T06:24:02.594Z] <<< [apiv2][body] GET https://serviceusage.googleapis.com/v1/projects/sreemeditec-final/services/firestore.googleapis.com [omitted]
[debug] [2025-09-29T06:24:02.602Z] <<< [apiv2][status] GET https://serviceusage.googleapis.com/v1/projects/sreemeditec-final/services/firebasedataconnect.googleapis.com 200
[debug] [2025-09-29T06:24:02.602Z] <<< [apiv2][body] GET https://serviceusage.googleapis.com/v1/projects/sreemeditec-final/services/firebasedataconnect.googleapis.com [omitted]
[debug] [2025-09-29T06:24:02.608Z] <<< [apiv2][status] GET https://serviceusage.googleapis.com/v1/projects/sreemeditec-final/services/firebasecrashlytics.googleapis.com 200
[debug] [2025-09-29T06:24:02.608Z] <<< [apiv2][body] GET https://serviceusage.googleapis.com/v1/projects/sreemeditec-final/services/firebasecrashlytics.googleapis.com [omitted]
[debug] [2025-09-29T06:24:02.619Z] <<< [apiv2][status] GET https://serviceusage.googleapis.com/v1/projects/sreemeditec-final/services/firebaseio.com 403
[debug] [2025-09-29T06:24:02.619Z] <<< [apiv2][body] GET https://serviceusage.googleapis.com/v1/projects/sreemeditec-final/services/firebaseio.com [omitted]
[debug] [2025-09-29T06:24:02.654Z] <<< [apiv2][status] GET https://serviceusage.googleapis.com/v1/projects/sreemeditec-final/services/firebaseapphosting.googleapis.com 200
[debug] [2025-09-29T06:24:02.654Z] <<< [apiv2][body] GET https://serviceusage.googleapis.com/v1/projects/sreemeditec-final/services/firebaseapphosting.googleapis.com [omitted]
[debug] [2025-09-29T06:24:02.671Z] <<< [apiv2][status] GET https://serviceusage.googleapis.com/v1/projects/sreemeditec-final/services/firebasecrashlytics.googleapis.com 200
[debug] [2025-09-29T06:24:02.671Z] <<< [apiv2][body] GET https://serviceusage.googleapis.com/v1/projects/sreemeditec-final/services/firebasecrashlytics.googleapis.com [omitted]
[debug] [2025-09-29T06:24:02.686Z] <<< [apiv2][status] GET https://serviceusage.googleapis.com/v1/projects/sreemeditec-final/services/firebasedataconnect.googleapis.com 200
[debug] [2025-09-29T06:24:02.686Z] <<< [apiv2][body] GET https://serviceusage.googleapis.com/v1/projects/sreemeditec-final/services/firebasedataconnect.googleapis.com [omitted]
[debug] [2025-09-29T06:24:02.702Z] <<< [apiv2][status] GET https://serviceusage.googleapis.com/v1/projects/sreemeditec-final/services/firestore.googleapis.com 200
[debug] [2025-09-29T06:24:02.702Z] <<< [apiv2][body] GET https://serviceusage.googleapis.com/v1/projects/sreemeditec-final/services/firestore.googleapis.com [omitted]
[debug] [2025-09-29T06:24:02.944Z] <<< [apiv2][status] GET https://serviceusage.googleapis.com/v1/projects/sreemeditec-final/services/ 200
[debug] [2025-09-29T06:24:02.944Z] <<< [apiv2][body] GET https://serviceusage.googleapis.com/v1/projects/sreemeditec-final/services/ [omitted]
[debug] [2025-09-29T06:24:03.200Z] <<< [apiv2][status] GET https://serviceusage.googleapis.com/v1/projects/sreemeditec-final/services/ 200
[debug] [2025-09-29T06:24:03.200Z] <<< [apiv2][body] GET https://serviceusage.googleapis.com/v1/projects/sreemeditec-final/services/ [omitted]
[error] Failed to fetch Firebase Project from Studio Workspace because WORKSPACE_SLUG environment variable is empty
[error] Failed to fetch Firebase Project from Studio Workspace because WORKSPACE_SLUG environment variable is empty
[debug] [2025-09-29T06:24:03.207Z] > command requires scopes: ["email","openid","https://www.googleapis.com/auth/cloudplatformprojects.readonly","https://www.googleapis.com/auth/firebase","https://www.googleapis.com/auth/cloud-platform","https://www.googleapis.com/auth/userinfo.email"]
[debug] [2025-09-29T06:24:03.209Z] > authorizing via signed-in user (maviiispams17@gmail.com)
[error] Failed to fetch Firebase Project from Studio Workspace because WORKSPACE_SLUG environment variable is empty
[error] Failed to fetch Firebase Project from Studio Workspace because WORKSPACE_SLUG environment variable is empty
[debug] [2025-09-29T06:24:03.231Z] > command requires scopes: ["email","openid","https://www.googleapis.com/auth/cloudplatformprojects.readonly","https://www.googleapis.com/auth/firebase","https://www.googleapis.com/auth/cloud-platform","https://www.googleapis.com/auth/userinfo.email"]
[debug] [2025-09-29T06:24:03.237Z] > authorizing via signed-in user (maviiispams17@gmail.com)
[error] Failed to fetch Firebase Project from Studio Workspace because WORKSPACE_SLUG environment variable is empty
[error] Failed to fetch Firebase Project from Studio Workspace because WORKSPACE_SLUG environment variable is empty
[debug] [2025-09-29T06:24:03.249Z] > command requires scopes: ["email","openid","https://www.googleapis.com/auth/cloudplatformprojects.readonly","https://www.googleapis.com/auth/firebase","https://www.googleapis.com/auth/cloud-platform","https://www.googleapis.com/auth/userinfo.email"]
[debug] [2025-09-29T06:24:03.249Z] > authorizing via signed-in user (maviiispams17@gmail.com)
[error] Failed to fetch Firebase Project from Studio Workspace because WORKSPACE_SLUG environment variable is empty
[error] Failed to fetch Firebase Project from Studio Workspace because WORKSPACE_SLUG environment variable is empty
[debug] [2025-09-29T08:24:01.797Z] Checked if tokens are valid: false, expires at: 1759129031882
[debug] [2025-09-29T08:24:01.799Z] Checked if tokens are valid: false, expires at: 1759129031882
[debug] [2025-09-29T08:24:01.799Z] > refreshing access token with scopes: []
[debug] [2025-09-29T08:24:01.803Z] >>> [apiv2][query] POST https://www.googleapis.com/oauth2/v3/token [none]
[debug] [2025-09-29T08:24:01.804Z] >>> [apiv2][body] POST https://www.googleapis.com/oauth2/v3/token [omitted]
[debug] [2025-09-29T08:24:01.863Z] Checked if tokens are valid: false, expires at: 1759129031882
[debug] [2025-09-29T08:24:01.864Z] Checked if tokens are valid: false, expires at: 1759129031882
[debug] [2025-09-29T08:24:01.864Z] > refreshing access token with scopes: []
[debug] [2025-09-29T08:24:01.871Z] >>> [apiv2][query] POST https://www.googleapis.com/oauth2/v3/token [none]
[debug] [2025-09-29T08:24:01.872Z] >>> [apiv2][body] POST https://www.googleapis.com/oauth2/v3/token [omitted]
[debug] [2025-09-29T08:24:01.894Z] Checked if tokens are valid: false, expires at: 1759129031882
[debug] [2025-09-29T08:24:01.895Z] Checked if tokens are valid: false, expires at: 1759129031882
[debug] [2025-09-29T08:24:01.895Z] > refreshing access token with scopes: []
[debug] [2025-09-29T08:24:01.898Z] >>> [apiv2][query] POST https://www.googleapis.com/oauth2/v3/token [none]
[debug] [2025-09-29T08:24:01.898Z] >>> [apiv2][body] POST https://www.googleapis.com/oauth2/v3/token [omitted]
[debug] [2025-09-29T08:24:01.927Z] Checked if tokens are valid: false, expires at: 1759129031882
[debug] [2025-09-29T08:24:01.927Z] Checked if tokens are valid: false, expires at: 1759129031882
[debug] [2025-09-29T08:24:01.931Z] > refreshing access token with scopes: []
[debug] [2025-09-29T08:24:01.931Z] >>> [apiv2][query] POST https://www.googleapis.com/oauth2/v3/token [none]
[debug] [2025-09-29T08:24:01.932Z] >>> [apiv2][body] POST https://www.googleapis.com/oauth2/v3/token [omitted]
[debug] [2025-09-29T08:24:01.934Z] Checked if tokens are valid: false, expires at: 1759129031882
[debug] [2025-09-29T08:24:01.934Z] Checked if tokens are valid: false, expires at: 1759129031882
[debug] [2025-09-29T08:24:01.934Z] > refreshing access token with scopes: []
[debug] [2025-09-29T08:24:01.935Z] >>> [apiv2][query] POST https://www.googleapis.com/oauth2/v3/token [none]
[debug] [2025-09-29T08:24:01.935Z] >>> [apiv2][body] POST https://www.googleapis.com/oauth2/v3/token [omitted]
[debug] [2025-09-29T08:24:01.937Z] Checked if tokens are valid: false, expires at: 1759129031882
[debug] [2025-09-29T08:24:01.937Z] Checked if tokens are valid: false, expires at: 1759129031882
[debug] [2025-09-29T08:24:01.937Z] > refreshing access token with scopes: []
[debug] [2025-09-29T08:24:01.937Z] >>> [apiv2][query] POST https://www.googleapis.com/oauth2/v3/token [none]
[debug] [2025-09-29T08:24:01.938Z] >>> [apiv2][body] POST https://www.googleapis.com/oauth2/v3/token [omitted]
[error] Failed to fetch Firebase Project from Studio Workspace because WORKSPACE_SLUG environment variable is empty
[error] Failed to fetch Firebase Project from Studio Workspace because WORKSPACE_SLUG environment variable is empty
[debug] [2025-09-29T08:24:02.015Z] Checked if tokens are valid: false, expires at: 1759129031882
[debug] [2025-09-29T08:24:02.016Z] Checked if tokens are valid: false, expires at: 1759129031882
[debug] [2025-09-29T08:24:02.016Z] > refreshing access token with scopes: []
[debug] [2025-09-29T08:24:02.016Z] >>> [apiv2][query] POST https://www.googleapis.com/oauth2/v3/token [none]
[debug] [2025-09-29T08:24:02.016Z] >>> [apiv2][body] POST https://www.googleapis.com/oauth2/v3/token [omitted]
[debug] [2025-09-29T08:24:02.019Z] Checked if tokens are valid: false, expires at: 1759129031882
[debug] [2025-09-29T08:24:02.019Z] Checked if tokens are valid: false, expires at: 1759129031882
[debug] [2025-09-29T08:24:02.020Z] > refreshing access token with scopes: []
[debug] [2025-09-29T08:24:02.020Z] >>> [apiv2][query] POST https://www.googleapis.com/oauth2/v3/token [none]
[debug] [2025-09-29T08:24:02.020Z] >>> [apiv2][body] POST https://www.googleapis.com/oauth2/v3/token [omitted]
[debug] [2025-09-29T08:24:02.023Z] Checked if tokens are valid: false, expires at: 1759129031882
[debug] [2025-09-29T08:24:02.023Z] Checked if tokens are valid: false, expires at: 1759129031882
[debug] [2025-09-29T08:24:02.023Z] > refreshing access token with scopes: []
[debug] [2025-09-29T08:24:02.024Z] >>> [apiv2][query] POST https://www.googleapis.com/oauth2/v3/token [none]
[debug] [2025-09-29T08:24:02.024Z] >>> [apiv2][body] POST https://www.googleapis.com/oauth2/v3/token [omitted]
[debug] [2025-09-29T08:24:02.026Z] Checked if tokens are valid: false, expires at: 1759129031882
[debug] [2025-09-29T08:24:02.027Z] Checked if tokens are valid: false, expires at: 1759129031882
[debug] [2025-09-29T08:24:02.027Z] > refreshing access token with scopes: []
[debug] [2025-09-29T08:24:02.027Z] >>> [apiv2][query] POST https://www.googleapis.com/oauth2/v3/token [none]
[debug] [2025-09-29T08:24:02.027Z] >>> [apiv2][body] POST https://www.googleapis.com/oauth2/v3/token [omitted]
[debug] [2025-09-29T08:24:02.029Z] Checked if tokens are valid: false, expires at: 1759129031882
[debug] [2025-09-29T08:24:02.030Z] Checked if tokens are valid: false, expires at: 1759129031882
[debug] [2025-09-29T08:24:02.030Z] > refreshing access token with scopes: []
[debug] [2025-09-29T08:24:02.030Z] >>> [apiv2][query] POST https://www.googleapis.com/oauth2/v3/token [none]
[debug] [2025-09-29T08:24:02.030Z] >>> [apiv2][body] POST https://www.googleapis.com/oauth2/v3/token [omitted]
[debug] [2025-09-29T08:24:02.033Z] Checked if tokens are valid: false, expires at: 1759129031882
[debug] [2025-09-29T08:24:02.033Z] Checked if tokens are valid: false, expires at: 1759129031882
[debug] [2025-09-29T08:24:02.033Z] > refreshing access token with scopes: []
[debug] [2025-09-29T08:24:02.033Z] >>> [apiv2][query] POST https://www.googleapis.com/oauth2/v3/token [none]
[debug] [2025-09-29T08:24:02.033Z] >>> [apiv2][body] POST https://www.googleapis.com/oauth2/v3/token [omitted]
[debug] [2025-09-29T08:24:02.086Z] <<< [apiv2][status] POST https://www.googleapis.com/oauth2/v3/token 200
[debug] [2025-09-29T08:24:02.086Z] <<< [apiv2][body] POST https://www.googleapis.com/oauth2/v3/token [omitted]
[debug] [2025-09-29T08:24:02.105Z] >>> [apiv2][query] GET https://serviceusage.googleapis.com/v1/projects/sreemeditec-final/services/firebaseio.com [none]
[debug] [2025-09-29T08:24:02.105Z] >>> [apiv2][(partial)header] GET https://serviceusage.googleapis.com/v1/projects/sreemeditec-final/services/firebaseio.com x-goog-quota-user=projects/sreemeditec-final
[debug] [2025-09-29T08:24:02.131Z] <<< [apiv2][status] POST https://www.googleapis.com/oauth2/v3/token 200
[debug] [2025-09-29T08:24:02.132Z] <<< [apiv2][body] POST https://www.googleapis.com/oauth2/v3/token [omitted]
[debug] [2025-09-29T08:24:02.149Z] >>> [apiv2][query] GET https://serviceusage.googleapis.com/v1/projects/sreemeditec-final/services/firebaseio.com [none]
[debug] [2025-09-29T08:24:02.149Z] >>> [apiv2][(partial)header] GET https://serviceusage.googleapis.com/v1/projects/sreemeditec-final/services/firebaseio.com x-goog-quota-user=projects/sreemeditec-final
[debug] [2025-09-29T08:24:02.152Z] <<< [apiv2][status] POST https://www.googleapis.com/oauth2/v3/token 200
[debug] [2025-09-29T08:24:02.152Z] <<< [apiv2][body] POST https://www.googleapis.com/oauth2/v3/token [omitted]
[debug] [2025-09-29T08:24:02.163Z] >>> [apiv2][query] GET https://serviceusage.googleapis.com/v1/projects/sreemeditec-final/services/firestore.googleapis.com [none]
[debug] [2025-09-29T08:24:02.163Z] >>> [apiv2][(partial)header] GET https://serviceusage.googleapis.com/v1/projects/sreemeditec-final/services/firestore.googleapis.com x-goog-quota-user=projects/sreemeditec-final
[debug] [2025-09-29T08:24:02.166Z] <<< [apiv2][status] POST https://www.googleapis.com/oauth2/v3/token 200
[debug] [2025-09-29T08:24:02.166Z] <<< [apiv2][body] POST https://www.googleapis.com/oauth2/v3/token [omitted]
[debug] [2025-09-29T08:24:02.181Z] >>> [apiv2][query] GET https://serviceusage.googleapis.com/v1/projects/sreemeditec-final/services/firebaseapphosting.googleapis.com [none]
[debug] [2025-09-29T08:24:02.181Z] >>> [apiv2][(partial)header] GET https://serviceusage.googleapis.com/v1/projects/sreemeditec-final/services/firebaseapphosting.googleapis.com x-goog-quota-user=projects/sreemeditec-final
[debug] [2025-09-29T08:24:02.183Z] <<< [apiv2][status] POST https://www.googleapis.com/oauth2/v3/token 200
[debug] [2025-09-29T08:24:02.184Z] <<< [apiv2][body] POST https://www.googleapis.com/oauth2/v3/token [omitted]
[debug] [2025-09-29T08:24:02.195Z] >>> [apiv2][query] GET https://serviceusage.googleapis.com/v1/projects/sreemeditec-final/services/ [none]
[debug] [2025-09-29T08:24:02.196Z] >>> [apiv2][(partial)header] GET https://serviceusage.googleapis.com/v1/projects/sreemeditec-final/services/ x-goog-quota-user=projects/sreemeditec-final
[debug] [2025-09-29T08:24:02.199Z] <<< [apiv2][status] POST https://www.googleapis.com/oauth2/v3/token 200
[debug] [2025-09-29T08:24:02.199Z] <<< [apiv2][body] POST https://www.googleapis.com/oauth2/v3/token [omitted]
[debug] [2025-09-29T08:24:02.211Z] >>> [apiv2][query] GET https://serviceusage.googleapis.com/v1/projects/sreemeditec-final/services/firebasedataconnect.googleapis.com [none]
[debug] [2025-09-29T08:24:02.211Z] >>> [apiv2][(partial)header] GET https://serviceusage.googleapis.com/v1/projects/sreemeditec-final/services/firebasedataconnect.googleapis.com x-goog-quota-user=projects/sreemeditec-final
[debug] [2025-09-29T08:24:02.222Z] <<< [apiv2][status] POST https://www.googleapis.com/oauth2/v3/token 200
[debug] [2025-09-29T08:24:02.222Z] <<< [apiv2][body] POST https://www.googleapis.com/oauth2/v3/token [omitted]
[debug] [2025-09-29T08:24:02.237Z] >>> [apiv2][query] GET https://serviceusage.googleapis.com/v1/projects/sreemeditec-final/services/firestore.googleapis.com [none]
[debug] [2025-09-29T08:24:02.238Z] >>> [apiv2][(partial)header] GET https://serviceusage.googleapis.com/v1/projects/sreemeditec-final/services/firestore.googleapis.com x-goog-quota-user=projects/sreemeditec-final
[debug] [2025-09-29T08:24:02.264Z] <<< [apiv2][status] POST https://www.googleapis.com/oauth2/v3/token 200
[debug] [2025-09-29T08:24:02.264Z] <<< [apiv2][body] POST https://www.googleapis.com/oauth2/v3/token [omitted]
[debug] [2025-09-29T08:24:02.280Z] >>> [apiv2][query] GET https://serviceusage.googleapis.com/v1/projects/sreemeditec-final/services/ [none]
[debug] [2025-09-29T08:24:02.281Z] >>> [apiv2][(partial)header] GET https://serviceusage.googleapis.com/v1/projects/sreemeditec-final/services/ x-goog-quota-user=projects/sreemeditec-final
[debug] [2025-09-29T08:24:02.284Z] <<< [apiv2][status] POST https://www.googleapis.com/oauth2/v3/token 200
[debug] [2025-09-29T08:24:02.284Z] <<< [apiv2][body] POST https://www.googleapis.com/oauth2/v3/token [omitted]
[debug] [2025-09-29T08:24:02.297Z] >>> [apiv2][query] GET https://serviceusage.googleapis.com/v1/projects/sreemeditec-final/services/firebasecrashlytics.googleapis.com [none]
[debug] [2025-09-29T08:24:02.297Z] >>> [apiv2][(partial)header] GET https://serviceusage.googleapis.com/v1/projects/sreemeditec-final/services/firebasecrashlytics.googleapis.com x-goog-quota-user=projects/sreemeditec-final
[debug] [2025-09-29T08:24:02.303Z] <<< [apiv2][status] POST https://www.googleapis.com/oauth2/v3/token 200
[debug] [2025-09-29T08:24:02.303Z] <<< [apiv2][body] POST https://www.googleapis.com/oauth2/v3/token [omitted]
[debug] [2025-09-29T08:24:02.317Z] >>> [apiv2][query] GET https://serviceusage.googleapis.com/v1/projects/sreemeditec-final/services/firebasecrashlytics.googleapis.com [none]
[debug] [2025-09-29T08:24:02.317Z] >>> [apiv2][(partial)header] GET https://serviceusage.googleapis.com/v1/projects/sreemeditec-final/services/firebasecrashlytics.googleapis.com x-goog-quota-user=projects/sreemeditec-final
[debug] [2025-09-29T08:24:02.319Z] <<< [apiv2][status] POST https://www.googleapis.com/oauth2/v3/token 200
[debug] [2025-09-29T08:24:02.319Z] <<< [apiv2][body] POST https://www.googleapis.com/oauth2/v3/token [omitted]
[debug] [2025-09-29T08:24:02.332Z] >>> [apiv2][query] GET https://serviceusage.googleapis.com/v1/projects/sreemeditec-final/services/firebasedataconnect.googleapis.com [none]
[debug] [2025-09-29T08:24:02.333Z] >>> [apiv2][(partial)header] GET https://serviceusage.googleapis.com/v1/projects/sreemeditec-final/services/firebasedataconnect.googleapis.com x-goog-quota-user=projects/sreemeditec-final
[debug] [2025-09-29T08:24:02.354Z] <<< [apiv2][status] POST https://www.googleapis.com/oauth2/v3/token 200
[debug] [2025-09-29T08:24:02.356Z] <<< [apiv2][body] POST https://www.googleapis.com/oauth2/v3/token [omitted]
[debug] [2025-09-29T08:24:02.377Z] >>> [apiv2][query] GET https://serviceusage.googleapis.com/v1/projects/sreemeditec-final/services/firebaseapphosting.googleapis.com [none]
[debug] [2025-09-29T08:24:02.378Z] >>> [apiv2][(partial)header] GET https://serviceusage.googleapis.com/v1/projects/sreemeditec-final/services/firebaseapphosting.googleapis.com x-goog-quota-user=projects/sreemeditec-final
[debug] [2025-09-29T08:24:02.601Z] <<< [apiv2][status] GET https://serviceusage.googleapis.com/v1/projects/sreemeditec-final/services/firestore.googleapis.com 200
[debug] [2025-09-29T08:24:02.601Z] <<< [apiv2][body] GET https://serviceusage.googleapis.com/v1/projects/sreemeditec-final/services/firestore.googleapis.com [omitted]
[debug] [2025-09-29T08:24:03.118Z] <<< [apiv2][status] GET https://serviceusage.googleapis.com/v1/projects/sreemeditec-final/services/firebaseio.com 403
[debug] [2025-09-29T08:24:03.118Z] <<< [apiv2][body] GET https://serviceusage.googleapis.com/v1/projects/sreemeditec-final/services/firebaseio.com [omitted]
[debug] [2025-09-29T08:24:03.227Z] <<< [apiv2][status] GET https://serviceusage.googleapis.com/v1/projects/sreemeditec-final/services/firebaseio.com 403
[debug] [2025-09-29T08:24:03.227Z] <<< [apiv2][body] GET https://serviceusage.googleapis.com/v1/projects/sreemeditec-final/services/firebaseio.com [omitted]
[debug] [2025-09-29T08:24:03.255Z] <<< [apiv2][status] GET https://serviceusage.googleapis.com/v1/projects/sreemeditec-final/services/firebaseapphosting.googleapis.com 200
[debug] [2025-09-29T08:24:03.259Z] <<< [apiv2][body] GET https://serviceusage.googleapis.com/v1/projects/sreemeditec-final/services/firebaseapphosting.googleapis.com [omitted]
[debug] [2025-09-29T08:24:03.273Z] <<< [apiv2][status] GET https://serviceusage.googleapis.com/v1/projects/sreemeditec-final/services/firestore.googleapis.com 200
[debug] [2025-09-29T08:24:03.273Z] <<< [apiv2][body] GET https://serviceusage.googleapis.com/v1/projects/sreemeditec-final/services/firestore.googleapis.com [omitted]
[debug] [2025-09-29T08:24:03.651Z] <<< [apiv2][status] GET https://serviceusage.googleapis.com/v1/projects/sreemeditec-final/services/firebasedataconnect.googleapis.com 200
[debug] [2025-09-29T08:24:03.652Z] <<< [apiv2][body] GET https://serviceusage.googleapis.com/v1/projects/sreemeditec-final/services/firebasedataconnect.googleapis.com [omitted]
[debug] [2025-09-29T08:24:03.661Z] <<< [apiv2][status] GET https://serviceusage.googleapis.com/v1/projects/sreemeditec-final/services/firebasedataconnect.googleapis.com 200
[debug] [2025-09-29T08:24:03.662Z] <<< [apiv2][body] GET https://serviceusage.googleapis.com/v1/projects/sreemeditec-final/services/firebasedataconnect.googleapis.com [omitted]
[debug] [2025-09-29T08:24:03.662Z] <<< [apiv2][status] GET https://serviceusage.googleapis.com/v1/projects/sreemeditec-final/services/firebasecrashlytics.googleapis.com 200
[debug] [2025-09-29T08:24:03.666Z] <<< [apiv2][body] GET https://serviceusage.googleapis.com/v1/projects/sreemeditec-final/services/firebasecrashlytics.googleapis.com [omitted]
[debug] [2025-09-29T08:24:03.667Z] <<< [apiv2][status] GET https://serviceusage.googleapis.com/v1/projects/sreemeditec-final/services/ 200
[debug] [2025-09-29T08:24:03.667Z] <<< [apiv2][body] GET https://serviceusage.googleapis.com/v1/projects/sreemeditec-final/services/ [omitted]
[debug] [2025-09-29T08:24:03.672Z] <<< [apiv2][status] GET https://serviceusage.googleapis.com/v1/projects/sreemeditec-final/services/firebaseapphosting.googleapis.com 200
[debug] [2025-09-29T08:24:03.672Z] <<< [apiv2][body] GET https://serviceusage.googleapis.com/v1/projects/sreemeditec-final/services/firebaseapphosting.googleapis.com [omitted]
[debug] [2025-09-29T08:24:03.673Z] <<< [apiv2][status] GET https://serviceusage.googleapis.com/v1/projects/sreemeditec-final/services/firebasecrashlytics.googleapis.com 200
[debug] [2025-09-29T08:24:03.673Z] <<< [apiv2][body] GET https://serviceusage.googleapis.com/v1/projects/sreemeditec-final/services/firebasecrashlytics.googleapis.com [omitted]
[debug] [2025-09-29T08:24:03.795Z] <<< [apiv2][status] GET https://serviceusage.googleapis.com/v1/projects/sreemeditec-final/services/ 200
[debug] [2025-09-29T08:24:03.796Z] <<< [apiv2][body] GET https://serviceusage.googleapis.com/v1/projects/sreemeditec-final/services/ [omitted]
[error] Failed to fetch Firebase Project from Studio Workspace because WORKSPACE_SLUG environment variable is empty
[error] Failed to fetch Firebase Project from Studio Workspace because WORKSPACE_SLUG environment variable is empty
[debug] [2025-09-29T08:24:03.807Z] > command requires scopes: ["email","openid","https://www.googleapis.com/auth/cloudplatformprojects.readonly","https://www.googleapis.com/auth/firebase","https://www.googleapis.com/auth/cloud-platform","https://www.googleapis.com/auth/userinfo.email"]
[debug] [2025-09-29T08:24:03.807Z] > authorizing via signed-in user (maviiispams17@gmail.com)
[error] Failed to fetch Firebase Project from Studio Workspace because WORKSPACE_SLUG environment variable is empty
[error] Failed to fetch Firebase Project from Studio Workspace because WORKSPACE_SLUG environment variable is empty
[error] Failed to fetch Firebase Project from Studio Workspace because WORKSPACE_SLUG environment variable is empty
[error] Failed to fetch Firebase Project from Studio Workspace because WORKSPACE_SLUG environment variable is empty
[debug] [2025-09-29T08:24:03.838Z] > command requires scopes: ["email","openid","https://www.googleapis.com/auth/cloudplatformprojects.readonly","https://www.googleapis.com/auth/firebase","https://www.googleapis.com/auth/cloud-platform","https://www.googleapis.com/auth/userinfo.email"]
[debug] [2025-09-29T08:24:03.839Z] > authorizing via signed-in user (maviiispams17@gmail.com)
[debug] [2025-09-29T08:24:03.839Z] > command requires scopes: ["email","openid","https://www.googleapis.com/auth/cloudplatformprojects.readonly","https://www.googleapis.com/auth/firebase","https://www.googleapis.com/auth/cloud-platform","https://www.googleapis.com/auth/userinfo.email"]
[debug] [2025-09-29T08:24:03.839Z] > authorizing via signed-in user (maviiispams17@gmail.com)
